/home/pi/Documents/Netflow/.venv/lib/python3.12/site-packages/beartype/_util/hint/pep/utilpeptest.py:311: BeartypeDecorHintPep585DeprecationWarning: PEP 484 type hint typing.Iterable[pathway.internals.expression.ColumnReference] deprecated by PEP 585. This hint is scheduled for removal in the first Python version released after October 5th, 2025. To resolve this, import this hint from "beartype.typing" rather than "typing". For further commentary and alternatives, see also:
    https://beartype.readthedocs.io/en/latest/api_roar/#pep-585-deprecations
  warn(
/home/pi/Documents/Netflow/.venv/lib/python3.12/site-packages/beartype/_util/hint/pep/utilpeptest.py:311: BeartypeDecorHintPep585DeprecationWarning: PEP 484 type hint typing.Sequence[str] deprecated by PEP 585. This hint is scheduled for removal in the first Python version released after October 5th, 2025. To resolve this, import this hint from "beartype.typing" rather than "typing". For further commentary and alternatives, see also:
    https://beartype.readthedocs.io/en/latest/api_roar/#pep-585-deprecations
  warn(
[2026-03-30T11:23:41]:INFO:Preparing Pathway computation
[2026-03-30T11:23:41]:INFO:Enter read_snapshot method with reader PosixLike
[2026-03-30T11:23:41]:INFO:Enter read_snapshot method with reader Python
[2026-03-30T11:23:42]:INFO:FileSystem(live_data/stream.jsonl): 0 entries (1 minibatch(es)) have been sent to the engine
[2026-03-30T11:23:42]:INFO:PythonReader: 0 entries (1 minibatch(es)) have been sent to the engine
[2026-03-30T11:23:42]:INFO:FileSystem(logs/all_packets.csv): Done writing 0 entries, time 1774850021046. Current batch writes took: 0 ms. All writes so far took: 0 ms.
[2026-03-30T11:23:42]:INFO:subscribe-1: Done writing 0 entries, time 1774850021046. Current batch writes took: 0 ms. All writes so far took: 0 ms.
[2026-03-30T11:23:42]:INFO:subscribe-2: Done writing 0 entries, time 1774850021046. Current batch writes took: 0 ms. All writes so far took: 0 ms.
[2026-03-30T11:23:42]:INFO:subscribe-2: Done writing 0 entries, time 1774850021046. Current batch writes took: 0 ms. All writes so far took: 0 ms.
[2026-03-30T11:23:42]:INFO:FileSystem(logs/debug_graph_edges.csv): Done writing 0 entries, time 1774850021046. Current batch writes took: 0 ms. All writes so far took: 0 ms.
[2026-03-30T11:23:42]:INFO:FileSystem(docs/anomalies.csv): Done writing 0 entries, time 1774850021046. Current batch writes took: 0 ms. All writes so far took: 0 ms.
[2026-03-30T11:23:42]:INFO:subscribe-4: Done writing 0 entries, time 1774850021046. Current batch writes took: 0 ms. All writes so far took: 0 ms.
[2026-03-30T11:23:42]:INFO:FileSystem(docs/rag_context.csv): Done writing 0 entries, time 1774850021046. Current batch writes took: 0 ms. All writes so far took: 0 ms.
[2026-03-30T11:23:47]:INFO:FileSystem(docs/anomalies.csv): Done writing 37 entries, time 1774850025848. Current batch writes took: 2 ms. All writes so far took: 2 ms.
[2026-03-30T11:23:47]:INFO:FileSystem(live_data/stream.jsonl): 7713 entries (14 minibatch(es)) have been sent to the engine
[2026-03-30T11:23:47]:INFO:subscribe-2: Done writing 97 entries, time 1774850026440. Current batch writes took: 0 ms. All writes so far took: 0 ms.
[2026-03-30T11:23:47]:INFO:FileSystem(logs/debug_graph_edges.csv): Done writing 97 entries, time 1774850026440. Current batch writes took: 0 ms. All writes so far took: 0 ms.
[2026-03-30T11:23:47]:INFO:subscribe-2: Done writing 109 entries, time 1774850026440. Current batch writes took: 0 ms. All writes so far took: 0 ms.
[2026-03-30T11:23:47]:INFO:FileSystem(logs/all_packets.csv): Done writing 591 entries, time 1774850027488. Current batch writes took: 13 ms. All writes so far took: 13 ms.
[2026-03-30T11:23:47]:INFO:FileSystem(docs/rag_context.csv): Done writing 37 entries, time 1774850025848. Current batch writes took: 0 ms. All writes so far took: 0 ms.
[2026-03-30T11:23:47]:INFO:subscribe-1: Done writing 39 entries, time 1774850026440. Current batch writes took: 0 ms. All writes so far took: 0 ms.
[2026-03-30T11:23:53]:INFO:subscribe-2: Done writing 136 entries, time 1774850031912. Current batch writes took: 0 ms. All writes so far took: 0 ms.
[2026-03-30T11:23:53]:INFO:subscribe-1: Done writing 34 entries, time 1774850030410. Current batch writes took: 0 ms. All writes so far took: 0 ms.
[2026-03-30T11:23:53]:INFO:FileSystem(docs/anomalies.csv): Done writing 36 entries, time 1774850030410. Current batch writes took: 1 ms. All writes so far took: 3 ms.
[2026-03-30T11:23:53]:INFO:FileSystem(live_data/stream.jsonl): 22851 entries (18 minibatch(es)) have been sent to the engine
[2026-03-30T11:23:53]:INFO:subscribe-2: Done writing 133 entries, time 1774850031912. Current batch writes took: 0 ms. All writes so far took: 0 ms.
[2026-03-30T11:23:53]:INFO:FileSystem(logs/debug_graph_edges.csv): Done writing 133 entries, time 1774850031912. Current batch writes took: 1 ms. All writes so far took: 2 ms.
[2026-03-30T11:23:53]:INFO:FileSystem(logs/all_packets.csv): Done writing 385 entries, time 1774850033992. Current batch writes took: 4 ms. All writes so far took: 17 ms.
[2026-03-30T11:23:53]:INFO:FileSystem(docs/rag_context.csv): Done writing 30 entries, time 1774850030410. Current batch writes took: 0 ms. All writes so far took: 1 ms.
[2026-03-30T11:23:59]:INFO:FileSystem(live_data/stream.jsonl): 0 entries (4 minibatch(es)) have been sent to the engine
[2026-03-30T11:23:59]:INFO:FileSystem(logs/all_packets.csv): Done writing 0 entries, time 1774850039334. Current batch writes took: 0 ms. All writes so far took: 17 ms.
[2026-03-30T11:23:59]:INFO:subscribe-1: Done writing 18 entries, time 1774850039334. Current batch writes took: 0 ms. All writes so far took: 0 ms.
[2026-03-30T11:23:59]:INFO:subscribe-2: Done writing 0 entries, time 1774850039334. Current batch writes took: 0 ms. All writes so far took: 0 ms.
[2026-03-30T11:23:59]:INFO:FileSystem(logs/debug_graph_edges.csv): Done writing 0 entries, time 1774850039334. Current batch writes took: 0 ms. All writes so far took: 2 ms.
[2026-03-30T11:23:59]:INFO:subscribe-2: Done writing 0 entries, time 1774850039334. Current batch writes took: 0 ms. All writes so far took: 0 ms.
[2026-03-30T11:23:59]:INFO:FileSystem(docs/anomalies.csv): Done writing 18 entries, time 1774850039334. Current batch writes took: 0 ms. All writes so far took: 4 ms.
[2026-03-30T11:23:59]:INFO:FileSystem(docs/rag_context.csv): Done writing 14 entries, time 1774850039334. Current batch writes took: 0 ms. All writes so far took: 1 ms.
[2026-03-30T11:24:05]:INFO:FileSystem(logs/all_packets.csv): Done writing 0 entries, time 1774850045334. Current batch writes took: 0 ms. All writes so far took: 17 ms.
[2026-03-30T11:24:05]:INFO:subscribe-1: Done writing 0 entries, time 1774850045334. Current batch writes took: 0 ms. All writes so far took: 0 ms.
[2026-03-30T11:24:05]:INFO:subscribe-2: Done writing 0 entries, time 1774850045334. Current batch writes took: 0 ms. All writes so far took: 0 ms.
[2026-03-30T11:24:05]:INFO:FileSystem(logs/debug_graph_edges.csv): Done writing 0 entries, time 1774850045334. Current batch writes took: 0 ms. All writes so far took: 2 ms.
[2026-03-30T11:24:05]:INFO:subscribe-2: Done writing 0 entries, time 1774850045334. Current batch writes took: 0 ms. All writes so far took: 0 ms.
[2026-03-30T11:24:05]:INFO:FileSystem(docs/anomalies.csv): Done writing 0 entries, time 1774850045334. Current batch writes took: 0 ms. All writes so far took: 4 ms.
[2026-03-30T11:24:05]:INFO:FileSystem(docs/rag_context.csv): Done writing 0 entries, time 1774850045334. Current batch writes took: 0 ms. All writes so far took: 1 ms.
[2026-03-30T11:24:11]:INFO:FileSystem(logs/all_packets.csv): Done writing 0 entries, time 1774850051334. Current batch writes took: 0 ms. All writes so far took: 17 ms.
[2026-03-30T11:24:11]:INFO:subscribe-1: Done writing 0 entries, time 1774850051334. Current batch writes took: 0 ms. All writes so far took: 0 ms.
[2026-03-30T11:24:11]:INFO:subscribe-2: Done writing 0 entries, time 1774850051334. Current batch writes took: 0 ms. All writes so far took: 0 ms.
[2026-03-30T11:24:11]:INFO:FileSystem(logs/debug_graph_edges.csv): Done writing 0 entries, time 1774850051334. Current batch writes took: 0 ms. All writes so far took: 2 ms.
[2026-03-30T11:24:11]:INFO:subscribe-2: Done writing 0 entries, time 1774850051334. Current batch writes took: 0 ms. All writes so far took: 0 ms.
[2026-03-30T11:24:11]:INFO:FileSystem(docs/anomalies.csv): Done writing 0 entries, time 1774850051334. Current batch writes took: 0 ms. All writes so far took: 4 ms.
[2026-03-30T11:24:11]:INFO:FileSystem(docs/rag_context.csv): Done writing 0 entries, time 1774850051334. Current batch writes took: 0 ms. All writes so far took: 1 ms.
[2026-03-30T11:24:17]:INFO:FileSystem(logs/all_packets.csv): Done writing 0 entries, time 1774850057334. Current batch writes took: 0 ms. All writes so far took: 17 ms.
[2026-03-30T11:24:17]:INFO:subscribe-1: Done writing 0 entries, time 1774850057334. Current batch writes took: 0 ms. All writes so far took: 0 ms.
[2026-03-30T11:24:17]:INFO:subscribe-2: Done writing 0 entries, time 1774850057334. Current batch writes took: 0 ms. All writes so far took: 0 ms.
[2026-03-30T11:24:17]:INFO:FileSystem(logs/debug_graph_edges.csv): Done writing 0 entries, time 1774850057334. Current batch writes took: 0 ms. All writes so far took: 2 ms.
[2026-03-30T11:24:17]:INFO:subscribe-2: Done writing 0 entries, time 1774850057334. Current batch writes took: 0 ms. All writes so far took: 0 ms.
[2026-03-30T11:24:17]:INFO:FileSystem(docs/anomalies.csv): Done writing 0 entries, time 1774850057334. Current batch writes took: 0 ms. All writes so far took: 4 ms.
[2026-03-30T11:24:17]:INFO:FileSystem(docs/rag_context.csv): Done writing 0 entries, time 1774850057334. Current batch writes took: 0 ms. All writes so far took: 1 ms.
[2026-03-30T11:24:21]:INFO:FileSystem(live_data/stream.jsonl): 1953 entries (15 minibatch(es)) have been sent to the engine
[2026-03-30T11:24:23]:INFO:FileSystem(logs/all_packets.csv): Done writing 1 entries, time 1774850063334. Current batch writes took: 0 ms. All writes so far took: 17 ms.
[2026-03-30T11:24:23]:INFO:subscribe-1: Done writing 0 entries, time 1774850063334. Current batch writes took: 0 ms. All writes so far took: 0 ms.
[2026-03-30T11:24:23]:INFO:subscribe-2: Done writing 0 entries, time 1774850063334. Current batch writes took: 0 ms. All writes so far took: 0 ms.
[2026-03-30T11:24:23]:INFO:FileSystem(logs/debug_graph_edges.csv): Done writing 0 entries, time 1774850063334. Current batch writes took: 0 ms. All writes so far took: 2 ms.
[2026-03-30T11:24:23]:INFO:subscribe-2: Done writing 0 entries, time 1774850063334. Current batch writes took: 0 ms. All writes so far took: 0 ms.
[2026-03-30T11:24:23]:INFO:FileSystem(docs/anomalies.csv): Done writing 0 entries, time 1774850063334. Current batch writes took: 0 ms. All writes so far took: 4 ms.
[2026-03-30T11:24:23]:INFO:FileSystem(docs/rag_context.csv): Done writing 0 entries, time 1774850063334. Current batch writes took: 0 ms. All writes so far took: 1 ms.
[2026-03-30T11:24:27]:INFO:FileSystem(live_data/stream.jsonl): 0 entries (5 minibatch(es)) have been sent to the engine
[2026-03-30T11:24:29]:INFO:FileSystem(logs/all_packets.csv): Done writing 3 entries, time 1774850069334. Current batch writes took: 0 ms. All writes so far took: 18 ms.
[2026-03-30T11:24:29]:INFO:subscribe-1: Done writing 0 entries, time 1774850069334. Current batch writes took: 0 ms. All writes so far took: 0 ms.
[2026-03-30T11:24:29]:INFO:FileSystem(logs/debug_graph_edges.csv): Done writing 0 entries, time 1774850069334. Current batch writes took: 0 ms. All writes so far took: 2 ms.
[2026-03-30T11:24:29]:INFO:subscribe-2: Done writing 0 entries, time 1774850069334. Current batch writes took: 0 ms. All writes so far took: 0 ms.
[2026-03-30T11:24:29]:INFO:subscribe-2: Done writing 0 entries, time 1774850069334. Current batch writes took: 0 ms. All writes so far took: 0 ms.
[2026-03-30T11:24:29]:INFO:FileSystem(docs/anomalies.csv): Done writing 0 entries, time 1774850069334. Current batch writes took: 0 ms. All writes so far took: 4 ms.
[2026-03-30T11:24:29]:INFO:FileSystem(docs/rag_context.csv): Done writing 0 entries, time 1774850069334. Current batch writes took: 0 ms. All writes so far took: 1 ms.
[2026-03-30T11:24:33]:INFO:FileSystem(live_data/stream.jsonl): 3919 entries (6 minibatch(es)) have been sent to the engine
[2026-03-30T11:24:35]:INFO:FileSystem(logs/all_packets.csv): Done writing 2 entries, time 1774850075334. Current batch writes took: 0 ms. All writes so far took: 18 ms.
[2026-03-30T11:24:35]:INFO:subscribe-1: Done writing 0 entries, time 1774850075334. Current batch writes took: 0 ms. All writes so far took: 0 ms.
[2026-03-30T11:24:35]:INFO:subscribe-2: Done writing 0 entries, time 1774850075334. Current batch writes took: 0 ms. All writes so far took: 0 ms.
[2026-03-30T11:24:35]:INFO:FileSystem(logs/debug_graph_edges.csv): Done writing 0 entries, time 1774850075334. Current batch writes took: 0 ms. All writes so far took: 2 ms.
[2026-03-30T11:24:35]:INFO:subscribe-2: Done writing 0 entries, time 1774850075334. Current batch writes took: 0 ms. All writes so far took: 0 ms.
[2026-03-30T11:24:35]:INFO:FileSystem(docs/anomalies.csv): Done writing 0 entries, time 1774850075334. Current batch writes took: 0 ms. All writes so far took: 4 ms.
[2026-03-30T11:24:35]:INFO:FileSystem(docs/rag_context.csv): Done writing 0 entries, time 1774850075334. Current batch writes took: 0 ms. All writes so far took: 1 ms.
[2026-03-30T11:24:39]:INFO:FileSystem(live_data/stream.jsonl): 0 entries (4 minibatch(es)) have been sent to the engine
[2026-03-30T11:24:41]:INFO:FileSystem(logs/all_packets.csv): Done writing 0 entries, time 1774850081334. Current batch writes took: 0 ms. All writes so far took: 18 ms.
[2026-03-30T11:24:41]:INFO:subscribe-1: Done writing 0 entries, time 1774850081334. Current batch writes took: 0 ms. All writes so far took: 0 ms.
[2026-03-30T11:24:41]:INFO:FileSystem(logs/debug_graph_edges.csv): Done writing 0 entries, time 1774850081334. Current batch writes took: 0 ms. All writes so far took: 2 ms.
[2026-03-30T11:24:41]:INFO:subscribe-2: Done writing 0 entries, time 1774850081334. Current batch writes took: 0 ms. All writes so far took: 0 ms.
[2026-03-30T11:24:41]:INFO:subscribe-2: Done writing 0 entries, time 1774850081334. Current batch writes took: 0 ms. All writes so far took: 0 ms.
[2026-03-30T11:24:41]:INFO:FileSystem(docs/anomalies.csv): Done writing 0 entries, time 1774850081334. Current batch writes took: 0 ms. All writes so far took: 4 ms.
[2026-03-30T11:24:41]:INFO:FileSystem(docs/rag_context.csv): Done writing 0 entries, time 1774850081334. Current batch writes took: 0 ms. All writes so far took: 1 ms.
[2026-03-30T11:24:47]:INFO:FileSystem(logs/all_packets.csv): Done writing 0 entries, time 1774850087338. Current batch writes took: 0 ms. All writes so far took: 18 ms.
[2026-03-30T11:24:47]:INFO:subscribe-1: Done writing 0 entries, time 1774850087338. Current batch writes took: 0 ms. All writes so far took: 0 ms.
[2026-03-30T11:24:47]:INFO:subscribe-2: Done writing 0 entries, time 1774850087338. Current batch writes took: 0 ms. All writes so far took: 0 ms.
[2026-03-30T11:24:47]:INFO:subscribe-2: Done writing 0 entries, time 1774850087338. Current batch writes took: 0 ms. All writes so far took: 0 ms.
[2026-03-30T11:24:47]:INFO:FileSystem(logs/debug_graph_edges.csv): Done writing 0 entries, time 1774850087338. Current batch writes took: 0 ms. All writes so far took: 2 ms.
[2026-03-30T11:24:47]:INFO:FileSystem(docs/anomalies.csv): Done writing 0 entries, time 1774850087338. Current batch writes took: 0 ms. All writes so far took: 4 ms.
[2026-03-30T11:24:47]:INFO:FileSystem(docs/rag_context.csv): Done writing 0 entries, time 1774850087338. Current batch writes took: 0 ms. All writes so far took: 1 ms.
[2026-03-30T11:24:48]:INFO:FileSystem(live_data/stream.jsonl): 1967 entries (6 minibatch(es)) have been sent to the engine
[2026-03-30T11:24:53]:INFO:FileSystem(live_data/stream.jsonl): 5919 entries (7 minibatch(es)) have been sent to the engine
[2026-03-30T11:24:53]:INFO:FileSystem(logs/all_packets.csv): Done writing 6 entries, time 1774850093334. Current batch writes took: 0 ms. All writes so far took: 18 ms.
[2026-03-30T11:24:53]:INFO:subscribe-1: Done writing 0 entries, time 1774850093334. Current batch writes took: 0 ms. All writes so far took: 0 ms.
[2026-03-30T11:24:53]:INFO:subscribe-2: Done writing 0 entries, time 1774850093334. Current batch writes took: 0 ms. All writes so far took: 0 ms.
[2026-03-30T11:24:53]:INFO:FileSystem(logs/debug_graph_edges.csv): Done writing 0 entries, time 1774850093334. Current batch writes took: 0 ms. All writes so far took: 2 ms.
[2026-03-30T11:24:53]:INFO:subscribe-2: Done writing 0 entries, time 1774850093334. Current batch writes took: 0 ms. All writes so far took: 0 ms.
[2026-03-30T11:24:53]:INFO:FileSystem(docs/anomalies.csv): Done writing 0 entries, time 1774850093334. Current batch writes took: 0 ms. All writes so far took: 4 ms.
[2026-03-30T11:24:53]:INFO:FileSystem(docs/rag_context.csv): Done writing 0 entries, time 1774850093334. Current batch writes took: 0 ms. All writes so far took: 1 ms.
[2026-03-30T11:24:59]:INFO:FileSystem(live_data/stream.jsonl): 0 entries (4 minibatch(es)) have been sent to the engine
[2026-03-30T11:24:59]:INFO:FileSystem(logs/all_packets.csv): Done writing 0 entries, time 1774850099334. Current batch writes took: 0 ms. All writes so far took: 18 ms.
[2026-03-30T11:24:59]:INFO:subscribe-1: Done writing 0 entries, time 1774850099334. Current batch writes took: 0 ms. All writes so far took: 0 ms.
[2026-03-30T11:24:59]:INFO:subscribe-2: Done writing 0 entries, time 1774850099334. Current batch writes took: 0 ms. All writes so far took: 0 ms.
[2026-03-30T11:24:59]:INFO:FileSystem(logs/debug_graph_edges.csv): Done writing 0 entries, time 1774850099334. Current batch writes took: 0 ms. All writes so far took: 2 ms.
[2026-03-30T11:24:59]:INFO:subscribe-2: Done writing 0 entries, time 1774850099334. Current batch writes took: 0 ms. All writes so far took: 0 ms.
[2026-03-30T11:24:59]:INFO:FileSystem(docs/anomalies.csv): Done writing 0 entries, time 1774850099334. Current batch writes took: 0 ms. All writes so far took: 4 ms.
[2026-03-30T11:24:59]:INFO:FileSystem(docs/rag_context.csv): Done writing 0 entries, time 1774850099334. Current batch writes took: 0 ms. All writes so far took: 1 ms.
[2026-03-30T11:25:05]:INFO:FileSystem(logs/all_packets.csv): Done writing 0 entries, time 1774850105334. Current batch writes took: 0 ms. All writes so far took: 18 ms.
[2026-03-30T11:25:05]:INFO:subscribe-1: Done writing 0 entries, time 1774850105334. Current batch writes took: 0 ms. All writes so far took: 0 ms.
[2026-03-30T11:25:05]:INFO:FileSystem(logs/debug_graph_edges.csv): Done writing 0 entries, time 1774850105334. Current batch writes took: 0 ms. All writes so far took: 2 ms.
[2026-03-30T11:25:05]:INFO:subscribe-2: Done writing 0 entries, time 1774850105334. Current batch writes took: 0 ms. All writes so far took: 0 ms.
[2026-03-30T11:25:05]:INFO:subscribe-2: Done writing 0 entries, time 1774850105334. Current batch writes took: 0 ms. All writes so far took: 0 ms.
[2026-03-30T11:25:05]:INFO:FileSystem(docs/anomalies.csv): Done writing 0 entries, time 1774850105334. Current batch writes took: 0 ms. All writes so far took: 4 ms.
[2026-03-30T11:25:05]:INFO:FileSystem(docs/rag_context.csv): Done writing 0 entries, time 1774850105334. Current batch writes took: 0 ms. All writes so far took: 1 ms.
[2026-03-30T11:25:10]:INFO:FileSystem(live_data/stream.jsonl): 1977 entries (8 minibatch(es)) have been sent to the engine
[2026-03-30T11:25:10]:INFO:FileSystem(logs/all_packets.csv): Done writing 1 entries, time 1774850110388. Current batch writes took: 0 ms. All writes so far took: 18 ms.
[2026-03-30T11:25:10]:INFO:subscribe-1: Done writing 0 entries, time 1774850110388. Current batch writes took: 0 ms. All writes so far took: 0 ms.
[2026-03-30T11:25:10]:INFO:subscribe-2: Done writing 0 entries, time 1774850110388. Current batch writes took: 0 ms. All writes so far took: 0 ms.
[2026-03-30T11:25:10]:INFO:FileSystem(logs/debug_graph_edges.csv): Done writing 0 entries, time 1774850110388. Current batch writes took: 0 ms. All writes so far took: 2 ms.
[2026-03-30T11:25:10]:INFO:subscribe-2: Done writing 0 entries, time 1774850110388. Current batch writes took: 0 ms. All writes so far took: 0 ms.
[2026-03-30T11:25:10]:INFO:FileSystem(docs/anomalies.csv): Done writing 0 entries, time 1774850110388. Current batch writes took: 0 ms. All writes so far took: 4 ms.
[2026-03-30T11:25:10]:INFO:FileSystem(docs/rag_context.csv): Done writing 0 entries, time 1774850110388. Current batch writes took: 0 ms. All writes so far took: 1 ms.
[2026-03-30T11:25:15]:INFO:FileSystem(live_data/stream.jsonl): 0 entries (4 minibatch(es)) have been sent to the engine
[2026-03-30T11:25:15]:INFO:FileSystem(logs/all_packets.csv): Done writing 0 entries, time 1774850115834. Current batch writes took: 0 ms. All writes so far took: 18 ms.
[2026-03-30T11:25:15]:INFO:subscribe-1: Done writing 0 entries, time 1774850115834. Current batch writes took: 0 ms. All writes so far took: 0 ms.
[2026-03-30T11:25:15]:INFO:FileSystem(logs/debug_graph_edges.csv): Done writing 0 entries, time 1774850115834. Current batch writes took: 0 ms. All writes so far took: 2 ms.
[2026-03-30T11:25:15]:INFO:subscribe-2: Done writing 0 entries, time 1774850115834. Current batch writes took: 0 ms. All writes so far took: 0 ms.
[2026-03-30T11:25:15]:INFO:subscribe-2: Done writing 0 entries, time 1774850115834. Current batch writes took: 0 ms. All writes so far took: 0 ms.
[2026-03-30T11:25:15]:INFO:FileSystem(docs/anomalies.csv): Done writing 0 entries, time 1774850115834. Current batch writes took: 0 ms. All writes so far took: 4 ms.
[2026-03-30T11:25:15]:INFO:FileSystem(docs/rag_context.csv): Done writing 0 entries, time 1774850115834. Current batch writes took: 0 ms. All writes so far took: 1 ms.
[2026-03-30T11:25:21]:INFO:FileSystem(live_data/stream.jsonl): 1979 entries (4 minibatch(es)) have been sent to the engine
[2026-03-30T11:25:21]:INFO:FileSystem(logs/all_packets.csv): Done writing 1 entries, time 1774850121462. Current batch writes took: 0 ms. All writes so far took: 18 ms.
[2026-03-30T11:25:21]:INFO:subscribe-1: Done writing 0 entries, time 1774850121462. Current batch writes took: 0 ms. All writes so far took: 0 ms.
[2026-03-30T11:25:21]:INFO:subscribe-2: Done writing 0 entries, time 1774850121462. Current batch writes took: 0 ms. All writes so far took: 0 ms.
[2026-03-30T11:25:21]:INFO:FileSystem(logs/debug_graph_edges.csv): Done writing 0 entries, time 1774850121462. Current batch writes took: 0 ms. All writes so far took: 2 ms.
[2026-03-30T11:25:21]:INFO:subscribe-2: Done writing 0 entries, time 1774850121462. Current batch writes took: 0 ms. All writes so far took: 0 ms.
[2026-03-30T11:25:21]:INFO:FileSystem(docs/anomalies.csv): Done writing 0 entries, time 1774850121462. Current batch writes took: 0 ms. All writes so far took: 4 ms.
[2026-03-30T11:25:21]:INFO:FileSystem(docs/rag_context.csv): Done writing 0 entries, time 1774850121462. Current batch writes took: 0 ms. All writes so far took: 1 ms.
[2026-03-30T11:25:27]:INFO:FileSystem(live_data/stream.jsonl): 0 entries (5 minibatch(es)) have been sent to the engine
[2026-03-30T11:25:27]:INFO:FileSystem(logs/all_packets.csv): Done writing 0 entries, time 1774850127834. Current batch writes took: 0 ms. All writes so far took: 18 ms.
[2026-03-30T11:25:27]:INFO:subscribe-1: Done writing 0 entries, time 1774850127834. Current batch writes took: 0 ms. All writes so far took: 0 ms.
[2026-03-30T11:25:27]:INFO:subscribe-2: Done writing 0 entries, time 1774850127834. Current batch writes took: 0 ms. All writes so far took: 0 ms.
[2026-03-30T11:25:27]:INFO:FileSystem(logs/debug_graph_edges.csv): Done writing 0 entries, time 1774850127834. Current batch writes took: 0 ms. All writes so far took: 2 ms.
[2026-03-30T11:25:27]:INFO:subscribe-2: Done writing 0 entries, time 1774850127834. Current batch writes took: 0 ms. All writes so far took: 0 ms.
[2026-03-30T11:25:27]:INFO:FileSystem(docs/anomalies.csv): Done writing 0 entries, time 1774850127834. Current batch writes took: 0 ms. All writes so far took: 4 ms.
[2026-03-30T11:25:27]:INFO:FileSystem(docs/rag_context.csv): Done writing 0 entries, time 1774850127834. Current batch writes took: 0 ms. All writes so far took: 1 ms.
[2026-03-30T11:25:33]:INFO:FileSystem(live_data/stream.jsonl): 1981 entries (5 minibatch(es)) have been sent to the engine
[2026-03-30T11:25:33]:INFO:FileSystem(logs/all_packets.csv): Done writing 1 entries, time 1774850133834. Current batch writes took: 0 ms. All writes so far took: 18 ms.
[2026-03-30T11:25:33]:INFO:subscribe-1: Done writing 0 entries, time 1774850133834. Current batch writes took: 0 ms. All writes so far took: 0 ms.
[2026-03-30T11:25:33]:INFO:subscribe-2: Done writing 0 entries, time 1774850133834. Current batch writes took: 0 ms. All writes so far took: 0 ms.
[2026-03-30T11:25:33]:INFO:subscribe-2: Done writing 0 entries, time 1774850133834. Current batch writes took: 0 ms. All writes so far took: 0 ms.
[2026-03-30T11:25:33]:INFO:FileSystem(docs/rag_context.csv): Done writing 0 entries, time 1774850133834. Current batch writes took: 0 ms. All writes so far took: 1 ms.
[2026-03-30T11:25:33]:INFO:FileSystem(logs/debug_graph_edges.csv): Done writing 0 entries, time 1774850133834. Current batch writes took: 0 ms. All writes so far took: 2 ms.
[2026-03-30T11:25:33]:INFO:FileSystem(docs/anomalies.csv): Done writing 0 entries, time 1774850133834. Current batch writes took: 0 ms. All writes so far took: 4 ms.
[2026-03-30T11:25:39]:INFO:FileSystem(live_data/stream.jsonl): 0 entries (4 minibatch(es)) have been sent to the engine
[2026-03-30T11:25:39]:INFO:FileSystem(logs/all_packets.csv): Done writing 0 entries, time 1774850139834. Current batch writes took: 0 ms. All writes so far took: 18 ms.
[2026-03-30T11:25:39]:INFO:subscribe-1: Done writing 0 entries, time 1774850139834. Current batch writes took: 0 ms. All writes so far took: 0 ms.
[2026-03-30T11:25:39]:INFO:subscribe-2: Done writing 0 entries, time 1774850139834. Current batch writes took: 0 ms. All writes so far took: 0 ms.
[2026-03-30T11:25:39]:INFO:FileSystem(logs/debug_graph_edges.csv): Done writing 0 entries, time 1774850139834. Current batch writes took: 0 ms. All writes so far took: 2 ms.
[2026-03-30T11:25:39]:INFO:subscribe-2: Done writing 0 entries, time 1774850139834. Current batch writes took: 0 ms. All writes so far took: 0 ms.
[2026-03-30T11:25:39]:INFO:FileSystem(docs/rag_context.csv): Done writing 0 entries, time 1774850139834. Current batch writes took: 0 ms. All writes so far took: 1 ms.
[2026-03-30T11:25:39]:INFO:FileSystem(docs/anomalies.csv): Done writing 0 entries, time 1774850139834. Current batch writes took: 0 ms. All writes so far took: 4 ms.
[2026-03-30T11:25:45]:INFO:FileSystem(logs/all_packets.csv): Done writing 0 entries, time 1774850145834. Current batch writes took: 0 ms. All writes so far took: 18 ms.
[2026-03-30T11:25:45]:INFO:subscribe-1: Done writing 0 entries, time 1774850145834. Current batch writes took: 0 ms. All writes so far took: 0 ms.
[2026-03-30T11:25:45]:INFO:subscribe-2: Done writing 0 entries, time 1774850145834. Current batch writes took: 0 ms. All writes so far took: 0 ms.
[2026-03-30T11:25:45]:INFO:FileSystem(logs/debug_graph_edges.csv): Done writing 0 entries, time 1774850145834. Current batch writes took: 0 ms. All writes so far took: 2 ms.
[2026-03-30T11:25:45]:INFO:subscribe-2: Done writing 0 entries, time 1774850145834. Current batch writes took: 0 ms. All writes so far took: 0 ms.
[2026-03-30T11:25:45]:INFO:FileSystem(docs/anomalies.csv): Done writing 0 entries, time 1774850145834. Current batch writes took: 0 ms. All writes so far took: 4 ms.
[2026-03-30T11:25:45]:INFO:FileSystem(docs/rag_context.csv): Done writing 0 entries, time 1774850145834. Current batch writes took: 0 ms. All writes so far took: 1 ms.
[2026-03-30T11:25:47]:INFO:FileSystem(live_data/stream.jsonl): 1983 entries (5 minibatch(es)) have been sent to the engine
[2026-03-30T11:25:51]:INFO:FileSystem(logs/all_packets.csv): Done writing 3 entries, time 1774850151360. Current batch writes took: 0 ms. All writes so far took: 18 ms.
[2026-03-30T11:25:51]:INFO:subscribe-1: Done writing 0 entries, time 1774850151360. Current batch writes took: 0 ms. All writes so far took: 0 ms.
[2026-03-30T11:25:51]:INFO:subscribe-2: Done writing 0 entries, time 1774850151360. Current batch writes took: 0 ms. All writes so far took: 0 ms.
[2026-03-30T11:25:51]:INFO:FileSystem(logs/debug_graph_edges.csv): Done writing 0 entries, time 1774850151360. Current batch writes took: 0 ms. All writes so far took: 2 ms.
[2026-03-30T11:25:51]:INFO:subscribe-2: Done writing 0 entries, time 1774850151360. Current batch writes took: 0 ms. All writes so far took: 0 ms.
[2026-03-30T11:25:51]:INFO:FileSystem(docs/anomalies.csv): Done writing 0 entries, time 1774850151360. Current batch writes took: 0 ms. All writes so far took: 4 ms.
[2026-03-30T11:25:51]:INFO:FileSystem(docs/rag_context.csv): Done writing 0 entries, time 1774850151360. Current batch writes took: 0 ms. All writes so far took: 1 ms.
[2026-03-30T11:25:53]:INFO:FileSystem(live_data/stream.jsonl): 3972 entries (7 minibatch(es)) have been sent to the engine
[2026-03-30T11:25:57]:INFO:FileSystem(logs/all_packets.csv): Done writing 0 entries, time 1774850157834. Current batch writes took: 0 ms. All writes so far took: 18 ms.
[2026-03-30T11:25:57]:INFO:subscribe-1: Done writing 0 entries, time 1774850157834. Current batch writes took: 0 ms. All writes so far took: 0 ms.
[2026-03-30T11:25:57]:INFO:subscribe-2: Done writing 0 entries, time 1774850157834. Current batch writes took: 0 ms. All writes so far took: 0 ms.
[2026-03-30T11:25:57]:INFO:FileSystem(logs/debug_graph_edges.csv): Done writing 0 entries, time 1774850157834. Current batch writes took: 0 ms. All writes so far took: 2 ms.
[2026-03-30T11:25:57]:INFO:subscribe-2: Done writing 0 entries, time 1774850157834. Current batch writes took: 0 ms. All writes so far took: 0 ms.
[2026-03-30T11:25:57]:INFO:FileSystem(docs/anomalies.csv): Done writing 0 entries, time 1774850157834. Current batch writes took: 0 ms. All writes so far took: 4 ms.
[2026-03-30T11:25:57]:INFO:FileSystem(docs/rag_context.csv): Done writing 0 entries, time 1774850157834. Current batch writes took: 0 ms. All writes so far took: 1 ms.
[2026-03-30T11:25:59]:INFO:FileSystem(live_data/stream.jsonl): 0 entries (4 minibatch(es)) have been sent to the engine
[2026-03-30T11:26:03]:INFO:FileSystem(logs/all_packets.csv): Done writing 0 entries, time 1774850163834. Current batch writes took: 0 ms. All writes so far took: 18 ms.
[2026-03-30T11:26:03]:INFO:subscribe-1: Done writing 0 entries, time 1774850163834. Current batch writes took: 0 ms. All writes so far took: 0 ms.
[2026-03-30T11:26:03]:INFO:subscribe-2: Done writing 0 entries, time 1774850163834. Current batch writes took: 0 ms. All writes so far took: 0 ms.
[2026-03-30T11:26:03]:INFO:FileSystem(logs/debug_graph_edges.csv): Done writing 0 entries, time 1774850163834. Current batch writes took: 0 ms. All writes so far took: 2 ms.
[2026-03-30T11:26:03]:INFO:subscribe-2: Done writing 0 entries, time 1774850163834. Current batch writes took: 0 ms. All writes so far took: 0 ms.
[2026-03-30T11:26:03]:INFO:FileSystem(docs/anomalies.csv): Done writing 0 entries, time 1774850163834. Current batch writes took: 0 ms. All writes so far took: 4 ms.
[2026-03-30T11:26:03]:INFO:FileSystem(docs/rag_context.csv): Done writing 0 entries, time 1774850163834. Current batch writes took: 0 ms. All writes so far took: 1 ms.
[2026-03-30T11:26:09]:INFO:FileSystem(logs/all_packets.csv): Done writing 0 entries, time 1774850169834. Current batch writes took: 0 ms. All writes so far took: 18 ms.
[2026-03-30T11:26:09]:INFO:subscribe-1: Done writing 0 entries, time 1774850169834. Current batch writes took: 0 ms. All writes so far took: 0 ms.
[2026-03-30T11:26:09]:INFO:FileSystem(logs/debug_graph_edges.csv): Done writing 0 entries, time 1774850169834. Current batch writes took: 0 ms. All writes so far took: 2 ms.
[2026-03-30T11:26:09]:INFO:subscribe-2: Done writing 0 entries, time 1774850169834. Current batch writes took: 0 ms. All writes so far took: 0 ms.
[2026-03-30T11:26:09]:INFO:subscribe-2: Done writing 0 entries, time 1774850169834. Current batch writes took: 0 ms. All writes so far took: 0 ms.
[2026-03-30T11:26:09]:INFO:FileSystem(docs/anomalies.csv): Done writing 0 entries, time 1774850169834. Current batch writes took: 0 ms. All writes so far took: 4 ms.
[2026-03-30T11:26:09]:INFO:FileSystem(docs/rag_context.csv): Done writing 0 entries, time 1774850169834. Current batch writes took: 0 ms. All writes so far took: 1 ms.
[2026-03-30T11:26:15]:INFO:FileSystem(logs/all_packets.csv): Done writing 0 entries, time 1774850175834. Current batch writes took: 0 ms. All writes so far took: 18 ms.
[2026-03-30T11:26:15]:INFO:subscribe-1: Done writing 0 entries, time 1774850175834. Current batch writes took: 0 ms. All writes so far took: 0 ms.
[2026-03-30T11:26:15]:INFO:subscribe-2: Done writing 0 entries, time 1774850175834. Current batch writes took: 0 ms. All writes so far took: 0 ms.
[2026-03-30T11:26:15]:INFO:FileSystem(logs/debug_graph_edges.csv): Done writing 0 entries, time 1774850175834. Current batch writes took: 0 ms. All writes so far took: 2 ms.
[2026-03-30T11:26:15]:INFO:subscribe-2: Done writing 0 entries, time 1774850175834. Current batch writes took: 0 ms. All writes so far took: 0 ms.
[2026-03-30T11:26:15]:INFO:FileSystem(docs/anomalies.csv): Done writing 0 entries, time 1774850175834. Current batch writes took: 0 ms. All writes so far took: 4 ms.
[2026-03-30T11:26:15]:INFO:FileSystem(docs/rag_context.csv): Done writing 0 entries, time 1774850175834. Current batch writes took: 0 ms. All writes so far took: 1 ms.
[2026-03-30T11:26:21]:INFO:FileSystem(logs/all_packets.csv): Done writing 0 entries, time 1774850181834. Current batch writes took: 0 ms. All writes so far took: 18 ms.
[2026-03-30T11:26:21]:INFO:subscribe-1: Done writing 0 entries, time 1774850181834. Current batch writes took: 0 ms. All writes so far took: 0 ms.
[2026-03-30T11:26:21]:INFO:subscribe-2: Done writing 0 entries, time 1774850181834. Current batch writes took: 0 ms. All writes so far took: 0 ms.
[2026-03-30T11:26:21]:INFO:FileSystem(logs/debug_graph_edges.csv): Done writing 0 entries, time 1774850181834. Current batch writes took: 0 ms. All writes so far took: 2 ms.
[2026-03-30T11:26:21]:INFO:subscribe-2: Done writing 0 entries, time 1774850181834. Current batch writes took: 0 ms. All writes so far took: 0 ms.
[2026-03-30T11:26:21]:INFO:FileSystem(docs/anomalies.csv): Done writing 0 entries, time 1774850181834. Current batch writes took: 0 ms. All writes so far took: 4 ms.
[2026-03-30T11:26:21]:INFO:FileSystem(docs/rag_context.csv): Done writing 0 entries, time 1774850181834. Current batch writes took: 0 ms. All writes so far took: 1 ms.
